<?xml version="1.0" encoding="UTF-8"?>
<testsuite name="github.TextBoxTests" tests="1" skipped="0" failures="0" errors="0" timestamp="2024-02-29T23:09:25" hostname="DESKTOP-O8I3D2G" time="2.792">
  <properties/>
  <testcase name="fillFormTest()" classname="github.TextBoxTests" time="2.792"/>
  <system-out><![CDATA[]]></system-out>
  <system-err><![CDATA[SLF4J: No SLF4J providers were found.
SLF4J: Defaulting to no-operation (NOP) logger implementation
SLF4J: See https://www.slf4j.org/codes.html#noProviders for further details.
мар. 01, 2024 1:09:26 AM org.openqa.selenium.devtools.CdpVersionFinder findNearestMatch
WARNING: Unable to find an exact match for CDP version 121, returning the closest version; found: 119; Please update to a Selenium version that supports CDP version 121
]]></system-err>
</testsuite>
