<?xml version="1.0" encoding="UTF-8"?>
<testsuite name="github.HomeworkSolution" tests="1" skipped="0" failures="0" errors="0" timestamp="2024-03-15T13:48:00" hostname="DESKTOP-O8I3D2G" time="6.127">
  <properties/>
  <testcase name="formTest()" classname="github.HomeworkSolution" time="6.127"/>
  <system-out><![CDATA[]]></system-out>
  <system-err><![CDATA[SLF4J: No SLF4J providers were found.
SLF4J: Defaulting to no-operation (NOP) logger implementation
SLF4J: See https://www.slf4j.org/codes.html#noProviders for further details.
мар. 15, 2024 3:48:01 PM org.openqa.selenium.devtools.CdpVersionFinder findNearestMatch
WARNING: Unable to find an exact match for CDP version 122, returning the closest version; found: 119; Please update to a Selenium version that supports CDP version 122
]]></system-err>
</testsuite>
